Performing C SOURCE FILE Test CMAKE_HAVE_LIBC_PTHREAD failed with the following output:
Change Dir: /home/furkan/Workspaces/my_example/src/my_example_pkg/build/CMakeFiles/CMakeTmp

Run Build Command(s):/usr/bin/make cmTC_b9049/fast && /usr/bin/make -f CMakeFiles/cmTC_b9049.dir/build.make CMakeFiles/cmTC_b9049.dir/build
make[1]: Entering directory '/home/furkan/Workspaces/my_example/src/my_example_pkg/build/CMakeFiles/CMakeTmp'
Building C object CMakeFiles/cmTC_b9049.dir/src.c.o
/bin/x86_64-linux-gnu-gcc-9   -DCMAKE_HAVE_LIBC_PTHREAD   -o CMakeFiles/cmTC_b9049.dir/src.c.o   -c /home/furkan/Workspaces/my_example/src/my_example_pkg/build/CMakeFiles/CMakeTmp/src.c
Linking C executable cmTC_b9049
/usr/bin/cmake -E cmake_link_script CMakeFiles/cmTC_b9049.dir/link.txt --verbose=1
/bin/x86_64-linux-gnu-gcc-9  -DCMAKE_HAVE_LIBC_PTHREAD    -rdynamic CMakeFiles/cmTC_b9049.dir/src.c.o  -o cmTC_b9049 
/usr/bin/ld: CMakeFiles/cmTC_b9049.dir/src.c.o: in function `main':
src.c:(.text+0x46): undefined reference to `pthread_create'
/usr/bin/ld: src.c:(.text+0x52): undefined reference to `pthread_detach'
/usr/bin/ld: src.c:(.text+0x63): undefined reference to `pthread_join'
collect2: error: ld returned 1 exit status
make[1]: *** [CMakeFiles/cmTC_b9049.dir/build.make:87: cmTC_b9049] Error 1
make[1]: Leaving directory '/home/furkan/Workspaces/my_example/src/my_example_pkg/build/CMakeFiles/CMakeTmp'
make: *** [Makefile:121: cmTC_b9049/fast] Error 2


Source file was:
#include <pthread.h>

void* test_func(void* data)
{
  return data;
}

int main(void)
{
  pthread_t thread;
  pthread_create(&thread, NULL, test_func, NULL);
  pthread_detach(thread);
  pthread_join(thread, NULL);
  pthread_atfork(NULL, NULL, NULL);
  pthread_exit(NULL);

  return 0;
}

Determining if the function pthread_create exists in the pthreads failed with the following output:
Change Dir: /home/furkan/Workspaces/my_example/src/my_example_pkg/build/CMakeFiles/CMakeTmp

Run Build Command(s):/usr/bin/make cmTC_070eb/fast && /usr/bin/make -f CMakeFiles/cmTC_070eb.dir/build.make CMakeFiles/cmTC_070eb.dir/build
make[1]: Entering directory '/home/furkan/Workspaces/my_example/src/my_example_pkg/build/CMakeFiles/CMakeTmp'
Building C object CMakeFiles/cmTC_070eb.dir/CheckFunctionExists.c.o
/bin/x86_64-linux-gnu-gcc-9   -DCHECK_FUNCTION_EXISTS=pthread_create   -o CMakeFiles/cmTC_070eb.dir/CheckFunctionExists.c.o   -c /usr/share/cmake-3.16/Modules/CheckFunctionExists.c
Linking C executable cmTC_070eb
/usr/bin/cmake -E cmake_link_script CMakeFiles/cmTC_070eb.dir/link.txt --verbose=1
/bin/x86_64-linux-gnu-gcc-9  -DCHECK_FUNCTION_EXISTS=pthread_create    -rdynamic CMakeFiles/cmTC_070eb.dir/CheckFunctionExists.c.o  -o cmTC_070eb  -lpthreads 
/usr/bin/ld: cannot find -lpthreads
collect2: error: ld returned 1 exit status
make[1]: *** [CMakeFiles/cmTC_070eb.dir/build.make:87: cmTC_070eb] Error 1
make[1]: Leaving directory '/home/furkan/Workspaces/my_example/src/my_example_pkg/build/CMakeFiles/CMakeTmp'
make: *** [Makefile:121: cmTC_070eb/fast] Error 2



